#
# An unexpected error has been detected by Java Runtime Environment:
#
#  EXCEPTION_ACCESS_VIOLATION (0xc0000005) at pc=0x00000000076285dd, pid=7996, tid=6844
#
# Java VM: Java HotSpot(TM) 64-Bit Server VM (10.0-b19 mixed mode windows-amd64)
# Problematic frame:
# C  [zip.dll+0x85dd]
#
# If you would like to submit a bug report, please visit:
#   http://java.sun.com/webapps/bugreport/crash.jsp
# The crash happened outside the Java Virtual Machine in native code.
# See problematic frame for where to report the bug.
#

---------------  T H R E A D  ---------------

Current thread (0x000000003276a400):  JavaThread "Image Fetcher 0" daemon [_thread_in_native, id=6844, stack(0x000000000a1a0000,0x000000000a220000)]

siginfo: ExceptionCode=0xc0000005, reading address 0x0000000000000018

Registers:
EAX=0x0000000000000000, EBX=0x00000000000002c9, ECX=0x000000003f63cb80, EDX=0x0000000000000000
ESP=0x000000000a21c830, EBP=0x000000003276a598, ESI=0x000000003f63cb80, EDI=0x0000000000000000
EIP=0x00000000076285dd, EFLAGS=0x0000000000010206

Top of Stack: (sp=0x000000000a21c830)
0x000000000a21c830:   000000003276a400 0000000000000000
0x000000000a21c840:   000000003281a6b0 000000000f94bfe1
0x000000000a21c850:   0000000000000000 0000000000000000
0x000000000a21c860:   000000003f63cb80 000000003276a598
0x000000000a21c870:   00000000000002c9 0000000007621f8c
0x000000000a21c880:   0000000000000000 0000000000000000
0x000000000a21c890:   0000000000000000 0000000000000000
0x000000000a21c8a0:   00000000000002c9 0000000000000000
0x000000000a21c8b0:   0000000000000000 0000000000000000
0x000000000a21c8c0:   0000000000000000 0000000000000000
0x000000000a21c8d0:   0000000000000000 0000000000000000
0x000000000a21c8e0:   0000000000000000 0000000000000000
0x000000000a21c8f0:   0000000000000000 0000000000000000
0x000000000a21c900:   0000000000000000 0000000000000000
0x000000000a21c910:   0000000000000000 0000000000000000
0x000000000a21c920:   0000000000000000 0000000000000018 

Instructions: (pc=0x00000000076285dd)
0x00000000076285cd:   c4 58 5f 5b c3 cc cc 48 53 55 56 57 48 83 ec 28
0x00000000076285dd:   4c 8b 52 18 49 8b e9 49 8b f0 4d 85 d2 48 8b d9 


Stack: [0x000000000a1a0000,0x000000000a220000],  sp=0x000000000a21c830,  free space=498k
Native frames: (J=compiled Java code, j=interpreted, Vv=VM code, C=native code)
C  [zip.dll+0x85dd]

Java frames: (J=compiled Java code, j=interpreted, Vv=VM code)
v  ~BufferBlob::Interpreter
J  java.util.zip.InflaterInputStream.read([BII)I
v  ~BufferBlob::Interpreter
v  ~BufferBlob::Interpreter
v  ~BufferBlob::Interpreter
v  ~BufferBlob::Interpreter
v  ~BufferBlob::Interpreter
v  ~BufferBlob::StubRoutines (1)
v  ~BufferBlob::Interpreter
v  ~BufferBlob::Interpreter
v  ~BufferBlob::Interpreter
v  ~BufferBlob::Interpreter
v  ~BufferBlob::Interpreter
v  ~BufferBlob::Interpreter
v  ~BufferBlob::StubRoutines (1)

---------------  P R O C E S S  ---------------

Java Threads: ( => current thread )
  0x000000003276c000 JavaThread "Loader for _view_0" daemon [_thread_blocked, id=3956, stack(0x000000000a480000,0x000000000a500000)]
  0x0000000032769c00 JavaThread "Image Fetcher 3" daemon [_thread_blocked, id=756, stack(0x000000000a400000,0x000000000a480000)]
  0x000000003276b800 JavaThread "Image Fetcher 2" daemon [_thread_blocked, id=7760, stack(0x000000000a2a0000,0x000000000a320000)]
  0x000000003276b000 JavaThread "Image Fetcher 1" daemon [_thread_blocked, id=3844, stack(0x000000000a220000,0x000000000a2a0000)]
=>0x000000003276a400 JavaThread "Image Fetcher 0" daemon [_thread_in_native, id=6844, stack(0x000000000a1a0000,0x000000000a220000)]
  0x0000000032769000 JavaThread "Thread-223" [_thread_blocked, id=7796, stack(0x000000000a120000,0x000000000a1a0000)]
  0x0000000032769400 JavaThread "Foxtrot Single Worker Thread #1" daemon [_thread_blocked, id=6524, stack(0x000000000b1a0000,0x000000000b220000)]
  0x0000000032766000 JavaThread "Thread-35" [_thread_blocked, id=4712, stack(0x0000000010260000,0x00000000102e0000)]
  0x0000000032768800 JavaThread "Thread-31" [_thread_blocked, id=7540, stack(0x00000000101d0000,0x0000000010250000)]
  0x0000000032765800 JavaThread "Active Reference Queue Daemon" daemon [_thread_blocked, id=7152, stack(0x0000000010150000,0x00000000101d0000)]
  0x0000000032766c00 JavaThread "Timer-13" daemon [_thread_blocked, id=164, stack(0x00000000100d0000,0x0000000010150000)]
  0x0000000032766400 JavaThread "Prefs Updater" [_thread_blocked, id=4052, stack(0x0000000010050000,0x00000000100d0000)]
  0x0000000032767c00 JavaThread "Timer queue for AWT thread" daemon [_thread_blocked, id=6584, stack(0x00000000347e0000,0x0000000034860000)]
  0x0000000032765000 JavaThread "Timer-11" daemon [_thread_blocked, id=5604, stack(0x00000000336c0000,0x0000000033740000)]
  0x0000000032754c00 JavaThread "Timer-1" [_thread_blocked, id=4944, stack(0x0000000031aa0000,0x0000000031b20000)]
  0x00000000119da800 JavaThread "TimerQueue" daemon [_thread_blocked, id=3140, stack(0x00000000317a0000,0x0000000031820000)]
  0x000000000fec2400 JavaThread "AWT-EventQueue-0" [_thread_blocked, id=1424, stack(0x0000000032250000,0x00000000322d0000)]
  0x000000000fe44000 JavaThread "AWT-Shutdown" [_thread_blocked, id=7472, stack(0x00000000321d0000,0x0000000032250000)]
  0x00000000119b8c00 JavaThread "AWT-Windows" daemon [_thread_in_native, id=6852, stack(0x0000000031720000,0x00000000317a0000)]
  0x0000000004bfe800 JavaThread "Java2D Disposer" daemon [_thread_blocked, id=4168, stack(0x0000000011f70000,0x0000000011ff0000)]
  0x00000000112a3c00 JavaThread "Timer-0" [_thread_blocked, id=7268, stack(0x0000000011550000,0x00000000115d0000)]
  0x000000001130e400 JavaThread "JMI Unnamed Thread" [_thread_in_native, id=5748, stack(0x000000000b350000,0x000000000c350000)]
  0x000000000fded000 JavaThread "Low Memory Detector" daemon [_thread_blocked, id=4556, stack(0x00000000110d0000,0x0000000011150000)]
  0x000000000fde2800 JavaThread "CompilerThread1" daemon [_thread_blocked, id=6668, stack(0x000000002f6a0000,0x00000000306a0000)]
  0x000000000fddac00 JavaThread "CompilerThread0" daemon [_thread_in_native, id=6732, stack(0x000000002e6a0000,0x000000002f6a0000)]
  0x000000000fdd9c00 JavaThread "Attach Listener" daemon [_thread_blocked, id=6976, stack(0x0000000011050000,0x00000000110d0000)]
  0x000000000fdbac00 JavaThread "Finalizer" daemon [_thread_blocked, id=1568, stack(0x000000000ff10000,0x000000000ff90000)]
  0x000000000fdb4c00 JavaThread "Reference Handler" daemon [_thread_blocked, id=6312, stack(0x000000000c600000,0x000000000c680000)]
  0x0000000004c4ec00 JavaThread "main" [_thread_in_native, id=7132, stack(0x0000000000030000,0x0000000001030000)]

Other Threads:
  0x000000000fdb0400 VMThread [stack: 0x000000002d6a0000,0x000000002e6a0000] [id=1532]
  0x000000000fe16400 WatcherThread [stack: 0x00000000306a0000,0x00000000316a0000] [id=7456]

VM state:not at safepoint (normal execution)

VM Mutex/Monitor currently owned by a thread: None

Heap
 PSYoungGen      total 13568K, used 10637K [0x00000000265a0000, 0x0000000027ad0000, 0x00000000296a0000)
  eden space 7296K, 80% used [0x00000000265a0000,0x0000000026b5e3c8,0x0000000026cc0000)
  from space 6272K, 75% used [0x0000000027380000,0x0000000027825218,0x00000000279a0000)
  to   space 6912K, 0% used [0x0000000026cc0000,0x0000000026cc0000,0x0000000027380000)
 PSOldGen        total 86208K, used 66682K [0x000000001d2a0000, 0x00000000226d0000, 0x00000000265a0000)
  object space 86208K, 77% used [0x000000001d2a0000,0x00000000213be838,0x00000000226d0000)
 PSPermGen       total 95808K, used 56580K [0x00000000152a0000, 0x000000001b030000, 0x000000001d2a0000)
  object space 95808K, 59% used [0x00000000152a0000,0x00000000189e13b8,0x000000001b030000)

Dynamic libraries:
0x0000000140000000 - 0x0000000140032000 	C:\Program Files\MATLAB\R2009a\bin\win64\MATLAB.exe
0x0000000077c20000 - 0x0000000077dcc000 	C:\Windows\SYSTEM32\ntdll.dll
0x0000000077b00000 - 0x0000000077c1f000 	C:\Windows\system32\kernel32.dll
0x000007fefdea0000 - 0x000007fefdf0b000 	C:\Windows\system32\KERNELBASE.dll
0x0000000180000000 - 0x0000000180406000 	C:\Program Files\MATLAB\R2009a\bin\win64\libut.dll
0x000007feff850000 - 0x000007feff867000 	C:\Windows\system32\imagehlp.dll
0x000007fefe510000 - 0x000007fefe5af000 	C:\Windows\system32\msvcrt.dll
0x0000000077df0000 - 0x0000000077df7000 	C:\Windows\system32\PSAPI.DLL
0x00000000010d0000 - 0x00000000010f8000 	C:\Program Files\MATLAB\R2009a\bin\win64\LIBEXPAT.dll
0x0000000073380000 - 0x0000000073449000 	C:\Windows\WinSxS\amd64_microsoft.vc80.crt_1fc8b3b9a1e18e3b_8.0.50727.4927_none_88dce9872fb18caf\MSVCR80.dll
0x000000004a800000 - 0x000000004a923000 	C:\Program Files\MATLAB\R2009a\bin\win64\icuuc38.dll
0x000007fefe080000 - 0x000007fefe15b000 	C:\Windows\system32\ADVAPI32.dll
0x000007fefeaa0000 - 0x000007fefeabf000 	C:\Windows\SYSTEM32\sechost.dll
0x000007feffe00000 - 0x000007fefff2e000 	C:\Windows\system32\RPCRT4.dll
0x000000004ad00000 - 0x000000004ad03000 	C:\Program Files\MATLAB\R2009a\bin\win64\icudt38.dll
0x000000004ab00000 - 0x000000004ab0f000 	C:\Program Files\MATLAB\R2009a\bin\win64\icuio38.dll
0x0000000001330000 - 0x000000000146a000 	C:\Program Files\MATLAB\R2009a\bin\win64\icuin38.dll
0x0000000073450000 - 0x0000000073559000 	C:\Windows\WinSxS\amd64_microsoft.vc80.crt_1fc8b3b9a1e18e3b_8.0.50727.4927_none_88dce9872fb18caf\MSVCP80.dll
0x0000000077a00000 - 0x0000000077afa000 	C:\Windows\system32\USER32.dll
0x000007fefe160000 - 0x000007fefe1c7000 	C:\Windows\system32\GDI32.dll
0x000007fefdff0000 - 0x000007fefdffe000 	C:\Windows\system32\LPK.dll
0x000007feffd30000 - 0x000007feffdfa000 	C:\Windows\system32\USP10.dll
0x0000000001140000 - 0x00000000011ae000 	C:\Program Files\MATLAB\R2009a\bin\win64\libmwfl.dll
0x00000000011c0000 - 0x00000000011cf000 	C:\Program Files\MATLAB\R2009a\bin\win64\boost_date_time-vc80-mt-1_36.dll
0x00000000011e0000 - 0x00000000011f6000 	C:\Program Files\MATLAB\R2009a\bin\win64\boost_signals-vc80-mt-1_36.dll
0x0000000001210000 - 0x0000000001219000 	C:\Program Files\MATLAB\R2009a\bin\win64\boost_system-vc80-mt-1_36.dll
0x0000000001470000 - 0x0000000001481000 	C:\Program Files\MATLAB\R2009a\bin\win64\boost_thread-vc80-mt-1_36.dll
0x00000000014a0000 - 0x00000000016d7000 	C:\Program Files\MATLAB\R2009a\bin\win64\libmwservices.dll
0x00000000016f0000 - 0x0000000001761000 	C:\Program Files\MATLAB\R2009a\bin\win64\libmx.dll
0x0000000001780000 - 0x0000000001797000 	C:\Program Files\MATLAB\R2009a\bin\win64\zlib1.dll
0x00000000017a0000 - 0x00000000018c5000 	C:\Program Files\MATLAB\R2009a\bin\win64\libmwmathutil.dll
0x00000000018e0000 - 0x0000000001935000 	C:\Program Files\MATLAB\R2009a\bin\win64\mpath.dll
0x0000000001950000 - 0x000000000199f000 	C:\Program Files\MATLAB\R2009a\bin\win64\mlutil.dll
0x0000000010000000 - 0x0000000010049000 	C:\Program Files\MATLAB\R2009a\bin\win64\tbb.dll
0x000007fef85d0000 - 0x000007fef8670000 	C:\Windows\WinSxS\amd64_microsoft.windows.common-controls_6595b64144ccf1df_5.82.7600.16661_none_a44e1fc257f685f6\COMCTL32.dll
0x000007fefdf50000 - 0x000007fefdfe8000 	C:\Windows\system32\comdlg32.dll
0x000007feff870000 - 0x000007feff8e1000 	C:\Windows\system32\SHLWAPI.dll
0x000007fefeac0000 - 0x000007feff846000 	C:\Windows\system32\SHELL32.dll
0x000007fefb690000 - 0x000007fefb6a6000 	C:\Windows\system32\NETAPI32.dll
0x000007fefb680000 - 0x000007fefb68c000 	C:\Windows\system32\netutils.dll
0x000007fefd6b0000 - 0x000007fefd6d3000 	C:\Windows\system32\srvcli.dll
0x000007fefb660000 - 0x000007fefb675000 	C:\Windows\system32\wkscli.dll
0x000007fefe1d0000 - 0x000007fefe21d000 	C:\Windows\system32\WS2_32.dll
0x000007fefe330000 - 0x000007fefe338000 	C:\Windows\system32\NSI.dll
0x00000000019b0000 - 0x0000000001a32000 	C:\Program Files\MATLAB\R2009a\bin\win64\mcr.dll
0x0000000001a50000 - 0x0000000001ab2000 	C:\Program Files\MATLAB\R2009a\bin\win64\iqm.dll
0x0000000001ad0000 - 0x00000000023b7000 	C:\Program Files\MATLAB\R2009a\bin\win64\m_interpreter.dll
0x00000000023d0000 - 0x00000000023df000 	C:\Program Files\MATLAB\R2009a\bin\win64\libmex.dll
0x00000000023f0000 - 0x0000000002480000 	C:\Program Files\MATLAB\R2009a\bin\win64\m_dispatcher.dll
0x0000000002490000 - 0x00000000024b5000 	C:\Program Files\MATLAB\R2009a\bin\win64\datasvcs.dll
0x0000000012000000 - 0x0000000012295000 	C:\Program Files\MATLAB\R2009a\bin\win64\xerces-c_2_7.dll
0x00000000024e0000 - 0x00000000025d1000 	C:\Program Files\MATLAB\R2009a\bin\win64\boost_regex-vc80-mt-1_36.dll
0x00000000025f0000 - 0x0000000002681000 	C:\Program Files\MATLAB\R2009a\bin\win64\profiler.dll
0x00000000026a0000 - 0x00000000026ca000 	C:\Program Files\MATLAB\R2009a\bin\win64\libmwmathrng.dll
0x00000000026e0000 - 0x00000000026fa000 	C:\Program Files\MATLAB\R2009a\bin\win64\m_pcodeio.dll
0x0000000002710000 - 0x000000000275d000 	C:\Program Files\MATLAB\R2009a\bin\win64\m_ir.dll
0x0000000002770000 - 0x0000000002d76000 	C:\Program Files\MATLAB\R2009a\bin\win64\m_parser.dll
0x0000000002d90000 - 0x0000000002da4000 	C:\Program Files\MATLAB\R2009a\bin\win64\ir_xfmr.dll
0x0000000002dc0000 - 0x0000000003041000 	C:\Program Files\MATLAB\R2009a\bin\win64\mcos.dll
0x0000000003060000 - 0x000000000306c000 	C:\Program Files\MATLAB\R2009a\bin\win64\mtok.dll
0x0000000003080000 - 0x00000000030a0000 	C:\Program Files\MATLAB\R2009a\bin\win64\m_pcodegen.dll
0x000007feeab70000 - 0x000007feeac95000 	C:\Windows\system32\dbghelp.dll
0x00000000030b0000 - 0x00000000030d4000 	C:\Program Files\MATLAB\R2009a\bin\win64\bridge.dll
0x00000000030f0000 - 0x00000000031b0000 	C:\Program Files\MATLAB\R2009a\bin\win64\udd.dll
0x00000000031c0000 - 0x0000000003317000 	C:\Program Files\MATLAB\R2009a\bin\win64\libmwgui.dll
0x0000000003330000 - 0x0000000003615000 	C:\Program Files\MATLAB\R2009a\bin\win64\hg.dll
0x0000000003630000 - 0x0000000003662000 	C:\Program Files\MATLAB\R2009a\bin\win64\libmat.dll
0x0000000003680000 - 0x000000000386e000 	C:\Program Files\MATLAB\R2009a\bin\win64\libhdf5.dll
0x0000000003880000 - 0x00000000038e0000 	C:\Program Files\MATLAB\R2009a\bin\win64\jmi.dll
0x00000000038f0000 - 0x0000000003930000 	C:\Program Files\MATLAB\R2009a\bin\win64\libmwhardcopy.dll
0x0000000003940000 - 0x0000000003998000 	C:\Program Files\MATLAB\R2009a\bin\win64\libuij.dll
0x00000000039b0000 - 0x0000000003aa2000 	C:\Program Files\MATLAB\R2009a\bin\win64\libmwmathlinalg.dll
0x0000000003ac0000 - 0x0000000003e6c000 	C:\Program Files\MATLAB\R2009a\bin\win64\libmwmathelem.dll
0x0000000003e80000 - 0x0000000003eec000 	C:\Program Files\MATLAB\R2009a\bin\win64\libmwmathcore.dll
0x0000000003f00000 - 0x0000000003f62000 	C:\Program Files\MATLAB\R2009a\bin\win64\libmwcholmod.dll
0x0000000003f80000 - 0x0000000003f8d000 	C:\Program Files\MATLAB\R2009a\bin\win64\libmwamd.dll
0x0000000003fa0000 - 0x0000000003fac000 	C:\Program Files\MATLAB\R2009a\bin\win64\libmwcolamd.dll
0x0000000003fc0000 - 0x0000000003fd5000 	C:\Program Files\MATLAB\R2009a\bin\win64\libmwblas.dll
0x0000000003ff0000 - 0x0000000004001000 	C:\Program Files\MATLAB\R2009a\bin\win64\libmwbinder.dll
0x0000000004020000 - 0x000000000409d000 	C:\Program Files\MATLAB\R2009a\bin\win64\libmwlapack.dll
0x00000000040b0000 - 0x00000000040eb000 	C:\Program Files\MATLAB\R2009a\bin\win64\libmwrookfastbp.dll
0x0000000004100000 - 0x000000000414c000 	C:\Program Files\MATLAB\R2009a\bin\win64\libmwma57.dll
0x0000000004160000 - 0x000000000427c000 	C:\Program Files\MATLAB\R2009a\bin\win64\libifcoremd.dll
0x0000000004280000 - 0x0000000004550000 	C:\Program Files\MATLAB\R2009a\bin\win64\libmmd.dll
0x0000000004550000 - 0x0000000004560000 	C:\Program Files\MATLAB\R2009a\bin\win64\libmwcsparse.dll
0x0000000004570000 - 0x00000000045de000 	C:\Program Files\MATLAB\R2009a\bin\win64\libmwumfpack.dll
0x00000000045f0000 - 0x00000000046dd000 	C:\Program Files\MATLAB\R2009a\bin\win64\hgdatatypes.dll
0x00000000046f0000 - 0x0000000004934000 	C:\Program Files\MATLAB\R2009a\bin\win64\uiw.dll
0x0000000004950000 - 0x000000000495a000 	C:\Program Files\MATLAB\R2009a\bin\win64\uinone.dll
0x0000000074de0000 - 0x0000000074f7c000 	C:\Windows\WinSxS\amd64_microsoft.vc80.mfc_1fc8b3b9a1e18e3b_8.0.50727.4053_none_8444db7d32915e4c\MFC80.DLL
0x000007fefb860000 - 0x000007fefb8d0000 	C:\Windows\system32\WINSPOOL.DRV
0x000007fefe650000 - 0x000007fefe852000 	C:\Windows\system32\ole32.dll
0x000007fefe860000 - 0x000007fefe937000 	C:\Windows\system32\OLEAUT32.dll
0x0000000004970000 - 0x0000000004a1b000 	C:\Program Files\MATLAB\R2009a\bin\win64\udd_mi.dll
0x0000000004a30000 - 0x0000000004a48000 	C:\Program Files\MATLAB\R2009a\bin\win64\mwoles05.DLL
0x0000000004a60000 - 0x0000000004aca000 	C:\Program Files\MATLAB\R2009a\bin\win64\comcli.dll
0x0000000068e20000 - 0x0000000068e40000 	C:\Windows\WinSxS\amd64_microsoft.vc80.atl_1fc8b3b9a1e18e3b_8.0.50727.4053_none_8a1a02152edb659b\ATL80.DLL
0x0000000004ae0000 - 0x0000000004aee000 	C:\Program Files\MATLAB\R2009a\bin\win64\mlautoregister.dll
0x000007fefe940000 - 0x000007fefe96e000 	C:\Windows\system32\IMM32.DLL
0x000007fefe220000 - 0x000007fefe329000 	C:\Windows\system32\MSCTF.dll
0x00000000742c0000 - 0x00000000742cd000 	C:\Windows\WinSxS\amd64_microsoft.vc80.mfcloc_1fc8b3b9a1e18e3b_8.0.50727.4053_none_bc1d1e5b0be08790\MFC80ENU.DLL
0x000007fefdb80000 - 0x000007fefdb8f000 	C:\Windows\system32\profapi.dll
0x000007fefdab0000 - 0x000007fefdabf000 	C:\Windows\system32\CRYPTBASE.dll
0x000007fefc2e0000 - 0x000007fefc336000 	C:\Windows\system32\uxtheme.dll
0x000007fefc610000 - 0x000007fefc804000 	C:\Windows\WinSxS\amd64_microsoft.windows.common-controls_6595b64144ccf1df_6.0.7600.16661_none_fa62ad231704eab7\comctl32.dll
0x000007feffb50000 - 0x000007feffd27000 	C:\Windows\system32\SETUPAPI.dll
0x000007fefdf10000 - 0x000007fefdf46000 	C:\Windows\system32\CFGMGR32.dll
0x000007fefde80000 - 0x000007fefde9a000 	C:\Windows\system32\DEVOBJ.dll
0x000007fefe5b0000 - 0x000007fefe649000 	C:\Windows\system32\CLBCatQ.DLL
0x000007fefc350000 - 0x000007fefc47c000 	C:\Windows\system32\propsys.dll
0x000007fefbf40000 - 0x000007fefbf6d000 	C:\Windows\system32\ntmarta.dll
0x000007fefe4c0000 - 0x000007fefe510000 	C:\Windows\system32\WLDAP32.dll
0x000007fefb5f0000 - 0x000007fefb617000 	C:\Windows\system32\iphlpapi.dll
0x000007fefb5e0000 - 0x000007fefb5eb000 	C:\Windows\system32\WINNSI.DLL
0x000007fefd220000 - 0x000007fefd27b000 	C:\Windows\system32\DNSAPI.dll
0x000007fefb290000 - 0x000007fefb2a8000 	C:\Windows\system32\dhcpcsvc.DLL
0x000007fefb270000 - 0x000007fefb281000 	C:\Windows\system32\dhcpcsvc6.DLL
0x0000000068e40000 - 0x0000000068e43000 	C:\Windows\system32\icmp.Dll
0x000000000f760000 - 0x000000000fd0a000 	C:\Program Files\MATLAB\R2009a\sys\java\jre\win64\jre\bin\server\jvm.dll
0x000007fefbc40000 - 0x000007fefbc7b000 	C:\Windows\system32\WINMM.dll
0x00000000075b0000 - 0x00000000075ba000 	C:\Program Files\MATLAB\R2009a\sys\java\jre\win64\jre\bin\hpi.dll
0x00000000075e0000 - 0x00000000075ee000 	C:\Program Files\MATLAB\R2009a\sys\java\jre\win64\jre\bin\verify.dll
0x00000000075f0000 - 0x0000000007617000 	C:\Program Files\MATLAB\R2009a\sys\java\jre\win64\jre\bin\java.dll
0x0000000007620000 - 0x0000000007632000 	C:\Program Files\MATLAB\R2009a\sys\java\jre\win64\jre\bin\zip.dll
0x0000000007e80000 - 0x0000000007ea1000 	C:\Program Files\MATLAB\R2009a\bin\win64\nativejava.dll
0x0000000007ed0000 - 0x0000000007ef8000 	C:\Program Files\MATLAB\R2009a\bin\win64\nativejmi.dll
0x0000000007f90000 - 0x0000000007f97000 	C:\Program Files\MATLAB\R2009a\bin\win64\nativeservices.dll
0x0000000011dd0000 - 0x0000000011f6f000 	C:\Program Files\MATLAB\R2009a\sys\java\jre\win64\jre\bin\awt.dll

VM Arguments:
jvm_args: -Xss512k -XX:PermSize=32m -Xms64m -XX:NewRatio=3 -XX:MaxPermSize=128m -Xmx196m -XX:MaxDirectMemorySize=2147400000 -Dsun.java2d.noddraw=true -Dsun.awt.nopixfmt=true -Xshare:off -Xrs -Djava.library.path=C:\Program Files\MATLAB\R2009a\bin\win64 vfprintf abort 
java_command: <unknown>
Launcher Type: generic

Environment Variables:
PATH=C:\Program Files (x86)\PC Connectivity Solution\;C:\Program Files\Common Files\Microsoft Shared\Windows Live;C:\Windows\system32;C:\Windows;C:\Windows\System32\Wbem;C:\Windows\System32\WindowsPowerShell\v1.0\;C:\Program Files\WIDCOMM\Bluetooth Software\;C:\Program Files\WIDCOMM\Bluetooth Software\syswow64;\;C:\Program Files (x86)\Sony\VAIO Startup Setting Tool;C:\Program Files (x86)\ATI Technologies\ATI.ACE\Core-Static;C:\Program Files\MATLAB\R2009a\bin;C:\Program Files\MATLAB\R2009a\bin\win64
USERNAME=Achyut
OS=Windows_NT
PROCESSOR_IDENTIFIER=Intel64 Family 6 Model 37 Stepping 5, GenuineIntel



---------------  S Y S T E M  ---------------

OS: Windows NT 6.1 Build 7600 

CPU:total 4 (8 cores per cpu, 2 threads per core) family 6 model 5 stepping 5, cmov, cx8, fxsr, mmx, sse, sse2, sse3, ssse3, ht

Memory: 4k page, physical 3061860k(1543976k free), swap 6121824k(3649676k free)

vm_info: Java HotSpot(TM) 64-Bit Server VM (10.0-b19) for windows-amd64 JRE (1.6.0_04-b12), built on Dec 14 2007 00:44:23 by "java_re" with MS VC++ 8.0

time: Tue Mar 29 06:28:47 2011
elapsed time: 3670 seconds

